<?xml version="1.0" encoding="UTF-8"?>
<!-- Generated by org.testng.reporters.JUnitReportReporter -->
<testsuite hostname="DESKTOP-M8IJHR3" failures="0" tests="1" name="sample.Book_TC" time="37.354" errors="0" timestamp="2022-08-12T12:58:09 IST" skipped="0">
  <testcase classname="sample.Book_TC" name="BookDescription" time="37.354"/>
  <system-out>
    <![CDATA[Book module is selected
Book is selected
Book is added to cart]]>
  </system-out>
</testsuite> <!-- sample.Book_TC -->
