<?xml version="1.0" encoding="UTF-8"?>
<!-- Generated by org.testng.reporters.JUnitReportReporter -->
<testsuite hostname="DESKTOP-M8IJHR3" failures="0" tests="1" name="sample.CellphCompare_TC" time="16.908" errors="0" timestamp="2022-08-12T13:49:51 IST" skipped="0">
  <testcase classname="sample.CellphCompare_TC" name="CellPhoneDescription" time="16.908"/>
  <system-out>
    <![CDATA[Cell phone module selected
Cell phone option is selected
Cell phone is selected
Cell phone added to compare]]>
  </system-out>
</testsuite> <!-- sample.CellphCompare_TC -->
