<?xml version="1.0" encoding="UTF-8"?>
<!-- Generated by org.testng.reporters.JUnitReportReporter -->
<testsuite hostname="DESKTOP-M8IJHR3" failures="0" tests="1" name="sample.Camera_TC" time="43.175" errors="0" timestamp="2022-08-20T10:57:59 IST" skipped="0">
  <testcase classname="sample.Camera_TC" name="cameraDescription" time="43.175"/>
  <system-out>
    <![CDATA[module is selected
Camera is selected
Camera is added to cart 
mail a friend is selected
to mail address is entered
mail is sent]]>
  </system-out>
</testsuite> <!-- sample.Camera_TC -->
