<?xml version="1.0" encoding="UTF-8"?>
<!-- Generated by org.testng.reporters.JUnitReportReporter -->
<testsuite hostname="DESKTOP-M8IJHR3" failures="0" tests="1" name="sample.Apperal_TC" time="23.759" errors="0" timestamp="2022-08-12T16:13:53 IST" skipped="0">
  <testcase classname="sample.Apperal_TC" name="ApperalDescription" time="23.759"/>
  <system-out>
    <![CDATA[Apperal module is selected
Bag is selected
Bag is added to cart
Shoping cart is clicked
Continue shoping button is clicked]]>
  </system-out>
</testsuite> <!-- sample.Apperal_TC -->
